<?xml version="1.0" encoding="UTF-8"?>
<testsuite name="com.saeed.ikev2vpn.ui.VpnViewModelTest" tests="5" skipped="0" failures="0" errors="0" timestamp="2026-08-26T08:21:51.938Z" hostname="S-Mehmandost-PC" time="1.234">
  <properties/>
  <testcase name="storage failure removes the platform profile and leaves an unconfigured draft" classname="com.saeed.ikev2vpn.ui.VpnViewModelTest" time="0.132"/>
  <testcase name="portable import populates setup without provisioning or persistence" classname="com.saeed.ikev2vpn.ui.VpnViewModelTest" time="1.068"/>
  <testcase name="editing is blocked while the VPN is connected" classname="com.saeed.ikev2vpn.ui.VpnViewModelTest" time="0.014"/>
  <testcase name="portable import is blocked while connected" classname="com.saeed.ikev2vpn.ui.VpnViewModelTest" time="0.009"/>
  <testcase name="canceling edit restores the committed profile" classname="com.saeed.ikev2vpn.ui.VpnViewModelTest" time="0.01"/>
  <system-out><![CDATA[]]></system-out>
  <system-err><![CDATA[]]></system-err>
</testsuite>
