<?xml version="1.0" encoding="UTF-8"?>
<testsuite name="com.saeed.ikev2vpn.validation.ProfileValidatorTest" tests="9" skipped="0" failures="0" errors="0" timestamp="2026-08-26T08:21:53.179Z" hostname="S-Mehmandost-PC" time="0.002">
  <properties/>
  <testcase name="rejects URL port and malformed IPv4" classname="com.saeed.ikev2vpn.validation.ProfileValidatorTest" time="0.0"/>
  <testcase name="accepts valid IPv4 server" classname="com.saeed.ikev2vpn.validation.ProfileValidatorTest" time="0.0"/>
  <testcase name="empty profile name and password are reported" classname="com.saeed.ikev2vpn.validation.ProfileValidatorTest" time="0.0"/>
  <testcase name="rejects IPv6 literals outside the version one scope" classname="com.saeed.ikev2vpn.validation.ProfileValidatorTest" time="0.0"/>
  <testcase name="missing CA is reported" classname="com.saeed.ikev2vpn.validation.ProfileValidatorTest" time="0.0"/>
  <testcase name="empty username is reported" classname="com.saeed.ikev2vpn.validation.ProfileValidatorTest" time="0.0"/>
  <testcase name="empty server is reported" classname="com.saeed.ikev2vpn.validation.ProfileValidatorTest" time="0.0"/>
  <testcase name="profile name allows portable names up to 128 characters and rejects controls" classname="com.saeed.ikev2vpn.validation.ProfileValidatorTest" time="0.0"/>
  <testcase name="accepts valid hostname" classname="com.saeed.ikev2vpn.validation.ProfileValidatorTest" time="0.0"/>
  <system-out><![CDATA[]]></system-out>
  <system-err><![CDATA[]]></system-err>
</testsuite>
