<?xml version="1.0" encoding="UTF-8"?>
<testsuite name="com.saeed.ikev2vpn.certificate.CertificateLoaderTest" tests="7" skipped="0" failures="0" errors="0" timestamp="2026-08-26T08:21:51.791Z" hostname="S-Mehmandost-PC" time="0.063">
  <properties/>
  <testcase name="generates colon separated uppercase fingerprint" classname="com.saeed.ikev2vpn.certificate.CertificateLoaderTest" time="0.026"/>
  <testcase name="rejects an empty certificate file" classname="com.saeed.ikev2vpn.certificate.CertificateLoaderTest" time="0.0"/>
  <testcase name="loads valid PEM CA certificate" classname="com.saeed.ikev2vpn.certificate.CertificateLoaderTest" time="0.026"/>
  <testcase name="rejects an oversized certificate file" classname="com.saeed.ikev2vpn.certificate.CertificateLoaderTest" time="0.0"/>
  <testcase name="rejects multiple certificates" classname="com.saeed.ikev2vpn.certificate.CertificateLoaderTest" time="0.006"/>
  <testcase name="loads valid DER CA certificate" classname="com.saeed.ikev2vpn.certificate.CertificateLoaderTest" time="0.002"/>
  <testcase name="rejects invalid certificate" classname="com.saeed.ikev2vpn.certificate.CertificateLoaderTest" time="0.0"/>
  <system-out><![CDATA[]]></system-out>
  <system-err><![CDATA[]]></system-err>
</testsuite>
